<?xml version="1.0" encoding="UTF-8"?>
<testng-results skipped="0" failed="1" ignored="0" total="2" passed="1">
  <reporter-output>
  </reporter-output>
  <suite name="Default suite" duration-ms="47034" started-at="2019-05-07T11:01:23Z" finished-at="2019-05-07T11:02:10Z">
    <groups>
    </groups>
    <test name="Default test" duration-ms="47034" started-at="2019-05-07T11:01:23Z" finished-at="2019-05-07T11:02:10Z">
      <class name="com.acttime.createCustomerTest.CustomerTest">
        <test-method status="PASS" signature="configBeforeSuite()[pri:0, instance:com.acttime.createCustomerTest.CustomerTest@26653222]" name="configBeforeSuite" is-config="true" duration-ms="21" started-at="2019-05-07T11:01:23Z" finished-at="2019-05-07T11:01:23Z">
          <reporter-output>
          </reporter-output>
        </test-method> <!-- configBeforeSuite -->
        <test-method status="PASS" signature="configBrowserBC()[pri:0, instance:com.acttime.createCustomerTest.CustomerTest@26653222]" name="configBrowserBC" is-config="true" duration-ms="6697" started-at="2019-05-07T11:01:23Z" finished-at="2019-05-07T11:01:30Z">
          <reporter-output>
          </reporter-output>
        </test-method> <!-- configBrowserBC -->
        <test-method status="PASS" signature="configLoginBM()[pri:0, instance:com.acttime.createCustomerTest.CustomerTest@26653222]" name="configLoginBM" is-config="true" duration-ms="2637" started-at="2019-05-07T11:01:30Z" finished-at="2019-05-07T11:01:33Z">
          <reporter-output>
          </reporter-output>
        </test-method> <!-- configLoginBM -->
        <test-method status="PASS" signature="CreateCustomerTest()[pri:0, instance:com.acttime.createCustomerTest.CustomerTest@26653222]" name="CreateCustomerTest" duration-ms="3161" started-at="2019-05-07T11:01:33Z" finished-at="2019-05-07T11:01:36Z">
          <reporter-output>
          </reporter-output>
        </test-method> <!-- CreateCustomerTest -->
        <test-method status="PASS" signature="configLogoutAM()[pri:0, instance:com.acttime.createCustomerTest.CustomerTest@26653222]" name="configLogoutAM" is-config="true" duration-ms="451" started-at="2019-05-07T11:01:36Z" finished-at="2019-05-07T11:01:36Z">
          <reporter-output>
          </reporter-output>
        </test-method> <!-- configLogoutAM -->
        <test-method status="PASS" signature="configLoginBM()[pri:0, instance:com.acttime.createCustomerTest.CustomerTest@26653222]" name="configLoginBM" is-config="true" duration-ms="1650" started-at="2019-05-07T11:01:36Z" finished-at="2019-05-07T11:01:38Z">
          <reporter-output>
          </reporter-output>
        </test-method> <!-- configLoginBM -->
        <test-method status="FAIL" signature="CreateCustomerWithDescription()[pri:0, instance:com.acttime.createCustomerTest.CustomerTest@26653222]" name="CreateCustomerWithDescription" duration-ms="30246" started-at="2019-05-07T11:01:38Z" finished-at="2019-05-07T11:02:08Z">
          <exception class="org.openqa.selenium.NoSuchElementException">
            <message>
              <![CDATA[Unable to locate element: //a[text()='Projects & Customers']
For documentation on this error, please visit: https://www.seleniumhq.org/exceptions/no_such_element.html
Build info: version: '3.141.59', revision: 'e82be7d358', time: '2018-11-14T08:25:48'
System info: host: 'VIKRAMAN-PC', ip: '127.0.0.1', os.name: 'Windows 10', os.arch: 'amd64', os.version: '10.0', java.version: '1.8.0_201'
Driver info: org.openqa.selenium.firefox.FirefoxDriver
Capabilities {acceptInsecureCerts: true, browserName: firefox, browserVersion: 66.0.2, javascriptEnabled: true, moz:accessibilityChecks: false, moz:geckodriverVersion: 0.24.0, moz:headless: false, moz:processID: 11500, moz:profile: C:\Users\Vikraman\AppData\L..., moz:shutdownTimeout: 60000, moz:useNonSpecCompliantPointerOrigin: false, moz:webdriverClick: true, pageLoadStrategy: normal, platform: WINDOWS, platformName: WINDOWS, platformVersion: 10.0, rotatable: false, setWindowRect: true, strictFileInteractability: false, timeouts: {implicit: 0, pageLoad: 300000, script: 30000}, unhandledPromptBehavior: dismiss and notify}
Session ID: 6e6276e8-8e8d-4291-9c9a-4f092ee5ed52
*** Element info: {Using=xpath, value=//a[text()='Projects & Customers']}]]>
            </message>
            <full-stacktrace>
              <![CDATA[org.openqa.selenium.NoSuchElementException: Unable to locate element: //a[text()='Projects & Customers']
For documentation on this error, please visit: https://www.seleniumhq.org/exceptions/no_such_element.html
Build info: version: '3.141.59', revision: 'e82be7d358', time: '2018-11-14T08:25:48'
System info: host: 'VIKRAMAN-PC', ip: '127.0.0.1', os.name: 'Windows 10', os.arch: 'amd64', os.version: '10.0', java.version: '1.8.0_201'
Driver info: org.openqa.selenium.firefox.FirefoxDriver
Capabilities {acceptInsecureCerts: true, browserName: firefox, browserVersion: 66.0.2, javascriptEnabled: true, moz:accessibilityChecks: false, moz:geckodriverVersion: 0.24.0, moz:headless: false, moz:processID: 11500, moz:profile: C:\Users\Vikraman\AppData\L..., moz:shutdownTimeout: 60000, moz:useNonSpecCompliantPointerOrigin: false, moz:webdriverClick: true, pageLoadStrategy: normal, platform: WINDOWS, platformName: WINDOWS, platformVersion: 10.0, rotatable: false, setWindowRect: true, strictFileInteractability: false, timeouts: {implicit: 0, pageLoad: 300000, script: 30000}, unhandledPromptBehavior: dismiss and notify}
Session ID: 6e6276e8-8e8d-4291-9c9a-4f092ee5ed52
*** Element info: {Using=xpath, value=//a[text()='Projects & Customers']}
at sun.reflect.NativeConstructorAccessorImpl.newInstance0(Native Method)
at sun.reflect.NativeConstructorAccessorImpl.newInstance(Unknown Source)
at sun.reflect.DelegatingConstructorAccessorImpl.newInstance(Unknown Source)
at java.lang.reflect.Constructor.newInstance(Unknown Source)
at org.openqa.selenium.remote.http.W3CHttpResponseCodec.createException(W3CHttpResponseCodec.java:187)
at org.openqa.selenium.remote.http.W3CHttpResponseCodec.decode(W3CHttpResponseCodec.java:122)
at org.openqa.selenium.remote.http.W3CHttpResponseCodec.decode(W3CHttpResponseCodec.java:49)
at org.openqa.selenium.remote.HttpCommandExecutor.execute(HttpCommandExecutor.java:158)
at org.openqa.selenium.remote.service.DriverCommandExecutor.execute(DriverCommandExecutor.java:83)
at org.openqa.selenium.remote.RemoteWebDriver.execute(RemoteWebDriver.java:552)
at org.openqa.selenium.remote.RemoteWebDriver.findElement(RemoteWebDriver.java:323)
at org.openqa.selenium.remote.RemoteWebDriver.findElementByXPath(RemoteWebDriver.java:428)
at org.openqa.selenium.By$ByXPath.findElement(By.java:353)
at org.openqa.selenium.remote.RemoteWebDriver.findElement(RemoteWebDriver.java:315)
at org.openqa.selenium.support.pagefactory.DefaultElementLocator.findElement(DefaultElementLocator.java:69)
at org.openqa.selenium.support.pagefactory.internal.LocatingElementHandler.invoke(LocatingElementHandler.java:38)
at com.sun.proxy.$Proxy13.click(Unknown Source)
at com.acttime.objectrepositorylib.OpenTask.clickOnProjectAndCustomer(OpenTask.java:20)
at com.acttime.createCustomerTest.CustomerTest.CreateCustomerWithDescription(CustomerTest.java:51)
at sun.reflect.NativeMethodAccessorImpl.invoke0(Native Method)
at sun.reflect.NativeMethodAccessorImpl.invoke(Unknown Source)
at sun.reflect.DelegatingMethodAccessorImpl.invoke(Unknown Source)
at java.lang.reflect.Method.invoke(Unknown Source)
at org.testng.internal.MethodInvocationHelper.invokeMethod(MethodInvocationHelper.java:124)
at org.testng.internal.Invoker.invokeMethod(Invoker.java:583)
at org.testng.internal.Invoker.invokeTestMethod(Invoker.java:719)
at org.testng.internal.Invoker.invokeTestMethods(Invoker.java:989)
at org.testng.internal.TestMethodWorker.invokeTestMethods(TestMethodWorker.java:125)
at org.testng.internal.TestMethodWorker.run(TestMethodWorker.java:109)
at org.testng.TestRunner.privateRun(TestRunner.java:648)
at org.testng.TestRunner.run(TestRunner.java:505)
at org.testng.SuiteRunner.runTest(SuiteRunner.java:455)
at org.testng.SuiteRunner.runSequentially(SuiteRunner.java:450)
at org.testng.SuiteRunner.privateRun(SuiteRunner.java:415)
at org.testng.SuiteRunner.run(SuiteRunner.java:364)
at org.testng.SuiteRunnerWorker.runSuite(SuiteRunnerWorker.java:52)
at org.testng.SuiteRunnerWorker.run(SuiteRunnerWorker.java:84)
at org.testng.TestNG.runSuitesSequentially(TestNG.java:1208)
at org.testng.TestNG.runSuitesLocally(TestNG.java:1137)
at org.testng.TestNG.runSuites(TestNG.java:1049)
at org.testng.TestNG.run(TestNG.java:1017)
at org.testng.remote.AbstractRemoteTestNG.run(AbstractRemoteTestNG.java:114)
at org.testng.remote.RemoteTestNG.initAndRun(RemoteTestNG.java:251)
at org.testng.remote.RemoteTestNG.main(RemoteTestNG.java:77)
]]>
            </full-stacktrace>
          </exception> <!-- org.openqa.selenium.NoSuchElementException -->
          <reporter-output>
          </reporter-output>
        </test-method> <!-- CreateCustomerWithDescription -->
        <test-method status="PASS" signature="configLogoutAM()[pri:0, instance:com.acttime.createCustomerTest.CustomerTest@26653222]" name="configLogoutAM" is-config="true" duration-ms="475" started-at="2019-05-07T11:02:08Z" finished-at="2019-05-07T11:02:09Z">
          <reporter-output>
          </reporter-output>
        </test-method> <!-- configLogoutAM -->
        <test-method status="PASS" signature="configCloseBrowserAC()[pri:0, instance:com.acttime.createCustomerTest.CustomerTest@26653222]" name="configCloseBrowserAC" is-config="true" duration-ms="1569" started-at="2019-05-07T11:02:09Z" finished-at="2019-05-07T11:02:10Z">
          <reporter-output>
          </reporter-output>
        </test-method> <!-- configCloseBrowserAC -->
      </class> <!-- com.acttime.createCustomerTest.CustomerTest -->
    </test> <!-- Default test -->
  </suite> <!-- Default suite -->
</testng-results>
